expo DLFUCache(size=100, msize=0, T=0.0): gets=10000 hit=0.323 mhit=0.000 cavg=1.420 mavg=  nan
walk DLFUCache(size=100, msize=0, T=0.0): gets=10000 hit=0.398 mhit=0.000 cavg=1.530 mavg=  nan
jump DLFUCache(size=100, msize=0, T=0.0): gets=10000 hit=0.316 mhit=0.000 cavg=1.420 mavg=  nan
mixed DLFUCache(size=100, msize=0, T=0.0): gets=10000 hit=0.300 mhit=0.000 cavg=1.300 mavg=  nan
expo DLFUCache(size=100, msize=50, T=0.0): gets=10000 hit=0.323 mhit=0.143 cavg=1.900 mavg=1.820
walk DLFUCache(size=100, msize=50, T=0.0): gets=10000 hit=0.398 mhit=0.085 cavg=1.730 mavg=2.940
jump DLFUCache(size=100, msize=50, T=0.0): gets=10000 hit=0.316 mhit=0.132 cavg=1.760 mavg=1.480
mixed DLFUCache(size=100, msize=50, T=0.0): gets=10000 hit=0.300 mhit=0.092 cavg=1.530 mavg=1.240
expo DLFUCache(size=100, msize=100, T=0.0): gets=10000 hit=0.323 mhit=0.262 cavg=2.840 mavg=2.750
walk DLFUCache(size=100, msize=100, T=0.0): gets=10000 hit=0.398 mhit=0.158 cavg=1.750 mavg=4.020
jump DLFUCache(size=100, msize=100, T=0.0): gets=10000 hit=0.316 mhit=0.240 cavg=2.270 mavg=1.580
mixed DLFUCache(size=100, msize=100, T=0.0): gets=10000 hit=0.300 mhit=0.166 cavg=1.790 mavg=1.680
expo DLFUCache(size=100, msize=200, T=0.0): gets=10000 hit=0.323 mhit=0.443 cavg=11.020 mavg=7.910
walk DLFUCache(size=100, msize=200, T=0.0): gets=10000 hit=0.398 mhit=0.241 cavg=1.780 mavg=3.435
jump DLFUCache(size=100, msize=200, T=0.0): gets=10000 hit=0.316 mhit=0.385 cavg=2.690 mavg=3.185
mixed DLFUCache(size=100, msize=200, T=0.0): gets=10000 hit=0.300 mhit=0.269 cavg=2.200 mavg=2.065
expo DLFUCache(size=100, msize=0, T=1.0): gets=10000 hit=0.336 mhit=0.000 cavg=0.763 mavg=  nan
walk DLFUCache(size=100, msize=0, T=1.0): gets=10000 hit=0.395 mhit=0.000 cavg=0.785 mavg=  nan
jump DLFUCache(size=100, msize=0, T=1.0): gets=10000 hit=0.324 mhit=0.000 cavg=0.762 mavg=  nan
mixed DLFUCache(size=100, msize=0, T=1.0): gets=10000 hit=0.315 mhit=0.000 cavg=0.726 mavg=  nan
expo DLFUCache(size=100, msize=50, T=1.0): gets=10000 hit=0.338 mhit=0.138 cavg=0.795 mavg=0.255
walk DLFUCache(size=100, msize=50, T=1.0): gets=10000 hit=0.394 mhit=0.089 cavg=0.787 mavg=0.272
jump DLFUCache(size=100, msize=50, T=1.0): gets=10000 hit=0.326 mhit=0.128 cavg=0.792 mavg=0.251
mixed DLFUCache(size=100, msize=50, T=1.0): gets=10000 hit=0.317 mhit=0.087 cavg=0.750 mavg=0.258
expo DLFUCache(size=100, msize=100, T=1.0): gets=10000 hit=0.338 mhit=0.255 cavg=0.806 mavg=0.182
walk DLFUCache(size=100, msize=100, T=1.0): gets=10000 hit=0.395 mhit=0.158 cavg=0.789 mavg=0.203
jump DLFUCache(size=100, msize=100, T=1.0): gets=10000 hit=0.326 mhit=0.232 cavg=0.803 mavg=0.178
mixed DLFUCache(size=100, msize=100, T=1.0): gets=10000 hit=0.319 mhit=0.157 cavg=0.756 mavg=0.198
expo DLFUCache(size=100, msize=200, T=1.0): gets=10000 hit=0.339 mhit=0.430 cavg=0.810 mavg=0.100
walk DLFUCache(size=100, msize=200, T=1.0): gets=10000 hit=0.394 mhit=0.244 cavg=0.789 mavg=0.110
jump DLFUCache(size=100, msize=200, T=1.0): gets=10000 hit=0.326 mhit=0.376 cavg=0.806 mavg=0.100
mixed DLFUCache(size=100, msize=200, T=1.0): gets=10000 hit=0.319 mhit=0.257 cavg=0.758 mavg=0.121
expo DLFUCache(size=100, msize=0, T=2.0): gets=10000 hit=0.359 mhit=0.000 cavg=1.093 mavg=  nan
walk DLFUCache(size=100, msize=0, T=2.0): gets=10000 hit=0.388 mhit=0.000 cavg=1.166 mavg=  nan
jump DLFUCache(size=100, msize=0, T=2.0): gets=10000 hit=0.338 mhit=0.000 cavg=1.072 mavg=  nan
mixed DLFUCache(size=100, msize=0, T=2.0): gets=10000 hit=0.337 mhit=0.000 cavg=1.019 mavg=  nan
expo DLFUCache(size=100, msize=50, T=2.0): gets=10000 hit=0.371 mhit=0.123 cavg=1.238 mavg=0.598
walk DLFUCache(size=100, msize=50, T=2.0): gets=10000 hit=0.384 mhit=0.094 cavg=1.205 mavg=0.687
jump DLFUCache(size=100, msize=50, T=2.0): gets=10000 hit=0.345 mhit=0.115 cavg=1.178 mavg=0.553
mixed DLFUCache(size=100, msize=50, T=2.0): gets=10000 hit=0.344 mhit=0.080 cavg=1.075 mavg=0.556
expo DLFUCache(size=100, msize=100, T=2.0): gets=10000 hit=0.374 mhit=0.235 cavg=1.302 mavg=0.502
walk DLFUCache(size=100, msize=100, T=2.0): gets=10000 hit=0.384 mhit=0.161 cavg=1.213 mavg=0.601
jump DLFUCache(size=100, msize=100, T=2.0): gets=10000 hit=0.347 mhit=0.214 cavg=1.225 mavg=0.458
mixed DLFUCache(size=100, msize=100, T=2.0): gets=10000 hit=0.348 mhit=0.147 cavg=1.115 mavg=0.483
expo DLFUCache(size=100, msize=200, T=2.0): gets=10000 hit=0.377 mhit=0.398 cavg=1.328 mavg=0.331
walk DLFUCache(size=100, msize=200, T=2.0): gets=10000 hit=0.384 mhit=0.254 cavg=1.214 mavg=0.385
jump DLFUCache(size=100, msize=200, T=2.0): gets=10000 hit=0.350 mhit=0.350 cavg=1.257 mavg=0.328
mixed DLFUCache(size=100, msize=200, T=2.0): gets=10000 hit=0.351 mhit=0.234 cavg=1.130 mavg=0.360
expo DLFUCache(size=100, msize=0, T=4.0): gets=10000 hit=0.408 mhit=0.000 cavg=1.747 mavg=  nan
walk DLFUCache(size=100, msize=0, T=4.0): gets=10000 hit=0.344 mhit=0.000 cavg=1.733 mavg=  nan
jump DLFUCache(size=100, msize=0, T=4.0): gets=10000 hit=0.325 mhit=0.000 cavg=1.278 mavg=  nan
mixed DLFUCache(size=100, msize=0, T=4.0): gets=10000 hit=0.369 mhit=0.000 cavg=1.430 mavg=  nan
expo DLFUCache(size=100, msize=50, T=4.0): gets=10000 hit=0.427 mhit=0.112 cavg=2.062 mavg=0.878
walk DLFUCache(size=100, msize=50, T=4.0): gets=10000 hit=0.303 mhit=0.141 cavg=1.939 mavg=0.996
jump DLFUCache(size=100, msize=50, T=4.0): gets=10000 hit=0.332 mhit=0.110 cavg=1.523 mavg=0.835
mixed DLFUCache(size=100, msize=50, T=4.0): gets=10000 hit=0.386 mhit=0.078 cavg=1.581 mavg=0.829
expo DLFUCache(size=100, msize=100, T=4.0): gets=10000 hit=0.428 mhit=0.214 cavg=2.215 mavg=0.906
walk DLFUCache(size=100, msize=100, T=4.0): gets=10000 hit=0.290 mhit=0.230 cavg=2.004 mavg=0.991
jump DLFUCache(size=100, msize=100, T=4.0): gets=10000 hit=0.343 mhit=0.201 cavg=1.647 mavg=0.818
mixed DLFUCache(size=100, msize=100, T=4.0): gets=10000 hit=0.397 mhit=0.129 cavg=1.670 mavg=0.790
expo DLFUCache(size=100, msize=200, T=4.0): gets=10000 hit=0.424 mhit=0.363 cavg=2.302 mavg=0.755
walk DLFUCache(size=100, msize=200, T=4.0): gets=10000 hit=0.298 mhit=0.330 cavg=2.019 mavg=0.775
jump DLFUCache(size=100, msize=200, T=4.0): gets=10000 hit=0.357 mhit=0.324 cavg=1.838 mavg=0.754
mixed DLFUCache(size=100, msize=200, T=4.0): gets=10000 hit=0.400 mhit=0.210 cavg=1.771 mavg=0.684
expo DLFUCache(size=100, msize=0, T=8.0): gets=10000 hit=0.444 mhit=0.000 cavg=3.500 mavg=  nan
walk DLFUCache(size=100, msize=0, T=8.0): gets=10000 hit=0.232 mhit=0.000 cavg=2.142 mavg=  nan
jump DLFUCache(size=100, msize=0, T=8.0): gets=10000 hit=0.239 mhit=0.000 cavg=1.788 mavg=  nan
mixed DLFUCache(size=100, msize=0, T=8.0): gets=10000 hit=0.374 mhit=0.000 cavg=2.596 mavg=  nan
expo DLFUCache(size=100, msize=50, T=8.0): gets=10000 hit=0.459 mhit=0.122 cavg=4.062 mavg=1.563
walk DLFUCache(size=100, msize=50, T=8.0): gets=10000 hit=0.215 mhit=0.122 cavg=2.518 mavg=1.191
jump DLFUCache(size=100, msize=50, T=8.0): gets=10000 hit=0.258 mhit=0.088 cavg=2.132 mavg=1.027
mixed DLFUCache(size=100, msize=50, T=8.0): gets=10000 hit=0.395 mhit=0.102 cavg=2.904 mavg=1.122
expo DLFUCache(size=100, msize=100, T=8.0): gets=10000 hit=0.455 mhit=0.228 cavg=4.189 mavg=1.650
walk DLFUCache(size=100, msize=100, T=8.0): gets=10000 hit=0.237 mhit=0.192 cavg=2.770 mavg=1.230
jump DLFUCache(size=100, msize=100, T=8.0): gets=10000 hit=0.291 mhit=0.156 cavg=2.492 mavg=1.169
mixed DLFUCache(size=100, msize=100, T=8.0): gets=10000 hit=0.401 mhit=0.155 cavg=2.987 mavg=1.204
expo DLFUCache(size=100, msize=200, T=8.0): gets=10000 hit=0.450 mhit=0.353 cavg=4.230 mavg=1.469
walk DLFUCache(size=100, msize=200, T=8.0): gets=10000 hit=0.249 mhit=0.323 cavg=3.035 mavg=1.186
jump DLFUCache(size=100, msize=200, T=8.0): gets=10000 hit=0.315 mhit=0.297 cavg=2.824 mavg=1.322
mixed DLFUCache(size=100, msize=200, T=8.0): gets=10000 hit=0.403 mhit=0.225 cavg=3.126 mavg=1.137
expo DLFUCache(size=100, msize=0, T=16.0): gets=10000 hit=0.439 mhit=0.000 cavg=7.133 mavg=  nan
walk DLFUCache(size=100, msize=0, T=16.0): gets=10000 hit=0.127 mhit=0.000 cavg=2.225 mavg=  nan
jump DLFUCache(size=100, msize=0, T=16.0): gets=10000 hit=0.155 mhit=0.000 cavg=2.410 mavg=  nan
mixed DLFUCache(size=100, msize=0, T=16.0): gets=10000 hit=0.333 mhit=0.000 cavg=4.986 mavg=  nan
expo DLFUCache(size=100, msize=50, T=16.0): gets=10000 hit=0.464 mhit=0.118 cavg=7.905 mavg=3.353
walk DLFUCache(size=100, msize=50, T=16.0): gets=10000 hit=0.143 mhit=0.054 cavg=2.862 mavg=1.172
jump DLFUCache(size=100, msize=50, T=16.0): gets=10000 hit=0.183 mhit=0.051 cavg=2.945 mavg=1.238
mixed DLFUCache(size=100, msize=50, T=16.0): gets=10000 hit=0.367 mhit=0.101 cavg=5.835 mavg=2.532
expo DLFUCache(size=100, msize=100, T=16.0): gets=10000 hit=0.465 mhit=0.232 cavg=8.062 mavg=3.459
walk DLFUCache(size=100, msize=100, T=16.0): gets=10000 hit=0.155 mhit=0.105 cavg=3.482 mavg=1.377
jump DLFUCache(size=100, msize=100, T=16.0): gets=10000 hit=0.194 mhit=0.109 cavg=3.285 mavg=1.415
mixed DLFUCache(size=100, msize=100, T=16.0): gets=10000 hit=0.376 mhit=0.158 cavg=5.964 mavg=2.450
expo DLFUCache(size=100, msize=200, T=16.0): gets=10000 hit=0.464 mhit=0.354 cavg=8.097 mavg=2.807
walk DLFUCache(size=100, msize=200, T=16.0): gets=10000 hit=0.165 mhit=0.224 cavg=3.869 mavg=1.571
jump DLFUCache(size=100, msize=200, T=16.0): gets=10000 hit=0.225 mhit=0.217 cavg=3.892 mavg=1.591
mixed DLFUCache(size=100, msize=200, T=16.0): gets=10000 hit=0.384 mhit=0.230 cavg=6.041 mavg=2.122
expo DLFUCache(size=100, msize=0, T=inf): gets=10000 hit=0.323 mhit=0.000 cavg=33.120 mavg=  nan
walk DLFUCache(size=100, msize=0, T=inf): gets=10000 hit=0.049 mhit=0.000 cavg=35.410 mavg=  nan
jump DLFUCache(size=100, msize=0, T=inf): gets=10000 hit=0.081 mhit=0.000 cavg=43.160 mavg=  nan
mixed DLFUCache(size=100, msize=0, T=inf): gets=10000 hit=0.292 mhit=0.000 cavg=72.210 mavg=  nan
expo DLFUCache(size=100, msize=50, T=inf): gets=10000 hit=0.407 mhit=0.073 cavg=43.030 mavg=12.240
walk DLFUCache(size=100, msize=50, T=inf): gets=10000 hit=0.038 mhit=0.047 cavg=44.270 mavg=18.100
jump DLFUCache(size=100, msize=50, T=inf): gets=10000 hit=0.089 mhit=0.040 cavg=52.870 mavg=25.420
mixed DLFUCache(size=100, msize=50, T=inf): gets=10000 hit=0.372 mhit=0.055 cavg=90.250 mavg=35.340
expo DLFUCache(size=100, msize=100, T=inf): gets=10000 hit=0.436 mhit=0.151 cavg=46.570 mavg=13.930
walk DLFUCache(size=100, msize=100, T=inf): gets=10000 hit=0.035 mhit=0.071 cavg=47.310 mavg=19.630
jump DLFUCache(size=100, msize=100, T=inf): gets=10000 hit=0.087 mhit=0.081 cavg=55.830 mavg=27.370
mixed DLFUCache(size=100, msize=100, T=inf): gets=10000 hit=0.404 mhit=0.121 cavg=96.530 mavg=38.960
expo DLFUCache(size=100, msize=200, T=inf): gets=10000 hit=0.468 mhit=0.299 cavg=50.410 mavg=14.650
walk DLFUCache(size=100, msize=200, T=inf): gets=10000 hit=0.035 mhit=0.130 cavg=51.190 mavg=20.440
jump DLFUCache(size=100, msize=200, T=inf): gets=10000 hit=0.089 mhit=0.147 cavg=59.830 mavg=27.595
mixed DLFUCache(size=100, msize=200, T=inf): gets=10000 hit=0.418 mhit=0.244 cavg=102.000 mavg=39.485
